Tab[Prog,PUSH] = Prog Ligne_Code 
Tab[Prog,POP] = Prog Ligne_Code 
Tab[Prog,ADD] = Prog Ligne_Code 
Tab[Prog,SUB] = Prog Ligne_Code 
Tab[Prog,DIV] = Prog Ligne_Code 
Tab[Prog,MUL] = Prog Ligne_Code 
Tab[Prog,INF] = Prog Ligne_Code 
Tab[Prog,SUP] = Prog Ligne_Code 
Tab[Prog,EQU] = Prog Ligne_Code 
Tab[Prog,OR] = Prog Ligne_Code 
Tab[Prog,AND] = Prog Ligne_Code 
Tab[Prog,NOT] = Prog Ligne_Code 
Tab[Prog,NEG] = Prog Ligne_Code 
Tab[Prog,INC] = Prog Ligne_Code 
Tab[Prog,DEC] = Prog Ligne_Code 
Tab[Prog,CALL] = Prog Ligne_Code 
Tab[Prog,RET] = Prog Ligne_Code 
Tab[Prog,JMP] = Prog Ligne_Code 
Tab[Prog,JC] = Prog Ligne_Code 
Tab[Prog,JNC] = Prog Ligne_Code 
Tab[Prog,WRITE] = Prog Ligne_Code 
Tab[Prog,READ] = Prog Ligne_Code 
Tab[Prog,NOP] = Prog Ligne_Code 
Tab[Prog,END] = Prog Ligne_Code 
Tab[Prog,TYPE_VOID] = 
Tab[Prog,TYPE_INTEGER] = 
Tab[Prog,TYPE_STRING] = 
Tab[Prog,ID] = Prog Ligne_Code 
Tab[Prog,NB] = 
Tab[Prog,CH] = 
Tab[Prog,:] = 
Tab[Prog,Vide] = Vide 
Tab[Prog,Fin] = Vide 
Tab[Ligne_Code,PUSH] = Instr %3 %2 
Tab[Ligne_Code,POP] = Instr %3 %2 
Tab[Ligne_Code,ADD] = Instr %3 %2 
Tab[Ligne_Code,SUB] = Instr %3 %2 
Tab[Ligne_Code,DIV] = Instr %3 %2 
Tab[Ligne_Code,MUL] = Instr %3 %2 
Tab[Ligne_Code,INF] = Instr %3 %2 
Tab[Ligne_Code,SUP] = Instr %3 %2 
Tab[Ligne_Code,EQU] = Instr %3 %2 
Tab[Ligne_Code,OR] = Instr %3 %2 
Tab[Ligne_Code,AND] = Instr %3 %2 
Tab[Ligne_Code,NOT] = Instr %3 %2 
Tab[Ligne_Code,NEG] = Instr %3 %2 
Tab[Ligne_Code,INC] = Instr %3 %2 
Tab[Ligne_Code,DEC] = Instr %3 %2 
Tab[Ligne_Code,CALL] = Instr %3 %2 
Tab[Ligne_Code,RET] = Instr %3 %2 
Tab[Ligne_Code,JMP] = Instr %3 %2 
Tab[Ligne_Code,JC] = Instr %3 %2 
Tab[Ligne_Code,JNC] = Instr %3 %2 
Tab[Ligne_Code,WRITE] = Instr %3 %2 
Tab[Ligne_Code,READ] = Instr %3 %2 
Tab[Ligne_Code,NOP] = Instr %3 %2 
Tab[Ligne_Code,END] = Instr %3 %2 
Tab[Ligne_Code,TYPE_VOID] = 
Tab[Ligne_Code,TYPE_INTEGER] = 
Tab[Ligne_Code,TYPE_STRING] = 
Tab[Ligne_Code,ID] = Suite_Label Label 
Tab[Ligne_Code,NB] = 
Tab[Ligne_Code,CH] = 
Tab[Ligne_Code,:] = 
Tab[Ligne_Code,Vide] = 
Tab[Ligne_Code,Fin] = 
Tab[Label,PUSH] = 
Tab[Label,POP] = 
Tab[Label,ADD] = 
Tab[Label,SUB] = 
Tab[Label,DIV] = 
Tab[Label,MUL] = 
Tab[Label,INF] = 
Tab[Label,SUP] = 
Tab[Label,EQU] = 
Tab[Label,OR] = 
Tab[Label,AND] = 
Tab[Label,NOT] = 
Tab[Label,NEG] = 
Tab[Label,INC] = 
Tab[Label,DEC] = 
Tab[Label,CALL] = 
Tab[Label,RET] = 
Tab[Label,JMP] = 
Tab[Label,JC] = 
Tab[Label,JNC] = 
Tab[Label,WRITE] = 
Tab[Label,READ] = 
Tab[Label,NOP] = 
Tab[Label,END] = 
Tab[Label,TYPE_VOID] = 
Tab[Label,TYPE_INTEGER] = 
Tab[Label,TYPE_STRING] = 
Tab[Label,ID] = : ID %1 
Tab[Label,NB] = 
Tab[Label,CH] = 
Tab[Label,:] = 
Tab[Label,Vide] = 
Tab[Label,Fin] = 
Tab[Suite_Label,PUSH] = Vide 
Tab[Suite_Label,POP] = Vide 
Tab[Suite_Label,ADD] = Vide 
Tab[Suite_Label,SUB] = Vide 
Tab[Suite_Label,DIV] = Vide 
Tab[Suite_Label,MUL] = Vide 
Tab[Suite_Label,INF] = Vide 
Tab[Suite_Label,SUP] = Vide 
Tab[Suite_Label,EQU] = Vide 
Tab[Suite_Label,OR] = Vide 
Tab[Suite_Label,AND] = Vide 
Tab[Suite_Label,NOT] = Vide 
Tab[Suite_Label,NEG] = Vide 
Tab[Suite_Label,INC] = Vide 
Tab[Suite_Label,DEC] = Vide 
Tab[Suite_Label,CALL] = Vide 
Tab[Suite_Label,RET] = Vide 
Tab[Suite_Label,JMP] = Vide 
Tab[Suite_Label,JC] = Vide 
Tab[Suite_Label,JNC] = Vide 
Tab[Suite_Label,WRITE] = Vide 
Tab[Suite_Label,READ] = Vide 
Tab[Suite_Label,NOP] = Vide 
Tab[Suite_Label,END] = Vide 
Tab[Suite_Label,TYPE_VOID] = 
Tab[Suite_Label,TYPE_INTEGER] = TYPE_INTEGER %6 %2 
Tab[Suite_Label,TYPE_STRING] = TYPE_STRING %5 %2 
Tab[Suite_Label,ID] = Vide 
Tab[Suite_Label,NB] = 
Tab[Suite_Label,CH] = 
Tab[Suite_Label,:] = 
Tab[Suite_Label,Vide] = Vide 
Tab[Suite_Label,Fin] = Vide 
Tab[Instr,PUSH] = Options PUSH 
Tab[Instr,POP] = ID %4 %7 %2 POP 
Tab[Instr,ADD] = ADD 
Tab[Instr,SUB] = SUB 
Tab[Instr,DIV] = DIV 
Tab[Instr,MUL] = MUL 
Tab[Instr,INF] = INF 
Tab[Instr,SUP] = SUP 
Tab[Instr,EQU] = EQU 
Tab[Instr,OR] = OR 
Tab[Instr,AND] = AND 
Tab[Instr,NOT] = NOT 
Tab[Instr,NEG] = NEG 
Tab[Instr,INC] = INC 
Tab[Instr,DEC] = DEC 
Tab[Instr,CALL] = ID %4 %7 %2 CALL 
Tab[Instr,RET] = RET 
Tab[Instr,JMP] = ID %4 %7 %2 JMP 
Tab[Instr,JC] = ID %4 %7 %2 JC 
Tab[Instr,JNC] = ID %4 %7 %2 JNC 
Tab[Instr,WRITE] = ID %4 %7 %2 WRITE 
Tab[Instr,READ] = ID %4 %7 %2 READ 
Tab[Instr,NOP] = NOP 
Tab[Instr,END] = END 
Tab[Instr,TYPE_VOID] = 
Tab[Instr,TYPE_INTEGER] = 
Tab[Instr,TYPE_STRING] = 
Tab[Instr,ID] = 
Tab[Instr,NB] = 
Tab[Instr,CH] = 
Tab[Instr,:] = 
Tab[Instr,Vide] = 
Tab[Instr,Fin] = 
Tab[Options,PUSH] = 
Tab[Options,POP] = 
Tab[Options,ADD] = 
Tab[Options,SUB] = 
Tab[Options,DIV] = 
Tab[Options,MUL] = 
Tab[Options,INF] = 
Tab[Options,SUP] = 
Tab[Options,EQU] = 
Tab[Options,OR] = 
Tab[Options,AND] = 
Tab[Options,NOT] = 
Tab[Options,NEG] = 
Tab[Options,INC] = 
Tab[Options,DEC] = 
Tab[Options,CALL] = 
Tab[Options,RET] = 
Tab[Options,JMP] = 
Tab[Options,JC] = 
Tab[Options,JNC] = 
Tab[Options,WRITE] = 
Tab[Options,READ] = 
Tab[Options,NOP] = 
Tab[Options,END] = 
Tab[Options,TYPE_VOID] = 
Tab[Options,TYPE_INTEGER] = 
Tab[Options,TYPE_STRING] = 
Tab[Options,ID] = ID %4 %7 %2 
Tab[Options,NB] = NB %6 %9 %2 
Tab[Options,CH] = CH %5 %8 %2 
Tab[Options,:] = 
Tab[Options,Vide] = 
Tab[Options,Fin] = 
Tab[Production,PUSH] = 
Tab[Production,POP] = 
Tab[Production,ADD] = 
Tab[Production,SUB] = 
Tab[Production,DIV] = 
Tab[Production,MUL] = 
Tab[Production,INF] = 
Tab[Production,SUP] = 
Tab[Production,EQU] = 
Tab[Production,OR] = 
Tab[Production,AND] = 
Tab[Production,NOT] = 
Tab[Production,NEG] = 
Tab[Production,INC] = 
Tab[Production,DEC] = 
Tab[Production,CALL] = 
Tab[Production,RET] = 
Tab[Production,JMP] = 
Tab[Production,JC] = 
Tab[Production,JNC] = 
Tab[Production,WRITE] = 
Tab[Production,READ] = 
Tab[Production,NOP] = 
Tab[Production,END] = 
Tab[Production,TYPE_VOID] = 
Tab[Production,TYPE_INTEGER] = 
Tab[Production,TYPE_STRING] = 
Tab[Production,ID] = 
Tab[Production,NB] = 
Tab[Production,CH] = 
Tab[Production,:] = 
Tab[Production,Vide] = Vide 
Tab[Production,Fin] = 
